<?xml version="1.0" encoding="utf-8" standalone="no"?>
<!--This file represents the results of running a test suite-->
<test-results name="C:\Users\Enepel\Downloads\Compressed\Module Praktikum 05\02 tugas\TugasLibraryUnitTest\bin\Debug\TugasLibraryUnitTest.dll" total="2" errors="0" failures="0" not-run="0" inconclusive="0" ignored="0" skipped="0" invalid="0" date="2021-10-28" time="10:59:19">
  <environment nunit-version="2.6.4.14350" clr-version="2.0.50727.9151" os-version="Microsoft Windows NT 6.2.9200.0" platform="Win32NT" cwd="C:\Users\Enepel\Downloads\Compressed\Module Praktikum 05\tools-testing" machine-name="DESKTOP-KAE0OAQ" user="Enepel" user-domain="DESKTOP-KAE0OAQ" />
  <culture-info current-culture="en-ID" current-uiculture="en-US" />
  <test-suite type="Assembly" name="C:\Users\Enepel\Downloads\Compressed\Module Praktikum 05\02 tugas\TugasLibraryUnitTest\bin\Debug\TugasLibraryUnitTest.dll" executed="True" result="Success" success="True" time="0.047" asserts="0">
    <results>
      <test-suite type="Namespace" name="TugasLibraryUnitTest" executed="True" result="Success" success="True" time="0.040" asserts="0">
        <results>
          <test-suite type="TestFixture" name="LibraryTest" executed="True" result="Success" success="True" time="0.039" asserts="0">
            <results>
              <test-case name="TugasLibraryUnitTest.LibraryTest.DayTest" executed="True" result="Success" success="True" time="0.019" asserts="1" />
              <test-case name="TugasLibraryUnitTest.LibraryTest.UserTest" executed="True" result="Success" success="True" time="0.001" asserts="1" />
            </results>
          </test-suite>
        </results>
      </test-suite>
    </results>
  </test-suite>
</test-results>